<?xml version="1.0" encoding="UTF-8"?>
<testsuite xmlns:xsi="http://www.w3.org/2001/XMLSchema-instance" xsi:noNamespaceSchemaLocation="https://maven.apache.org/surefire/maven-surefire-plugin/xsd/surefire-test-report-3.0.xsd" version="3.0" name="com.endpoint.security.IngestionServiceIntegrationTest" time="4.267" tests="2" errors="0" skipped="0" failures="0">
  <properties>
[...]
</properties>
  <testcase name="mongodb_saveAndFindAlerts" classname="com.endpoint.security.IngestionServiceIntegrationTest" time="0.313">
    <system-out><![CDATA[00:23:30.421 [main] INFO org.springframework.test.context.support.AnnotationConfigContextLoaderUtils -- Could not detect default configuration classes for test class [com.endpoint.security.IngestionServiceIntegrationTest]: IngestionServiceIntegrationTest does not declare any static, non-private, non-final, nested classes annotated with @Configuration.
00:23:30.450 [main] INFO org.springframework.boot.test.context.SpringBootTestContextBootstrapper -- Found @SpringBootConfiguration com.endpoint.security.IngestionServiceApplication for test class com.endpoint.security.IngestionServiceIntegrationTest
00:23:30.482 [main] INFO org.testcontainers.images.PullPolicy -- Image pull policy will be performed by: DefaultPullPolicy()
00:23:30.483 [main] INFO org.testcontainers.utility.ImageNameSubstitutor -- Image name substitution will be performed by: DefaultImageNameSubstitutor (composite of 'ConfigurationFileImageNameSubstitutor' and 'PrefixingImageNameSubstitutor')
00:23:30.570 [main] INFO org.testcontainers.dockerclient.DockerClientProviderStrategy -- Loaded org.testcontainers.dockerclient.UnixSocketClientProviderStrategy from ~/.testcontainers.properties, will try it first
00:23:30.653 [main] INFO org.testcontainers.dockerclient.DockerClientProviderStrategy -- Found Docker environment with local Unix socket (unix:///var/run/docker.sock)
00:23:30.654 [main] INFO org.testcontainers.DockerClientFactory -- Docker host IP address is localhost
00:23:30.664 [main] INFO org.testcontainers.DockerClientFactory -- Connected to docker: 
  Server Version: 28.0.4
  API Version: 1.48
  Operating System: Docker Desktop
  Total Memory: 7836 MB
00:23:30.742 [main] INFO tc.testcontainers/ryuk:0.5.1 -- Creating container for image: testcontainers/ryuk:0.5.1
00:23:30.795 [main] INFO tc.testcontainers/ryuk:0.5.1 -- Container testcontainers/ryuk:0.5.1 is starting: 382aa26226f75739b3af23ce50f526d598890ffa02c3fa93f86f1bb786e3c4c7
00:23:30.943 [main] INFO tc.testcontainers/ryuk:0.5.1 -- Container testcontainers/ryuk:0.5.1 started in PT0.200559S
00:23:30.946 [main] INFO org.testcontainers.utility.RyukResourceReaper -- Ryuk started - will monitor and terminate Testcontainers containers on JVM exit
00:23:30.946 [main] INFO org.testcontainers.DockerClientFactory -- Checking the system...
00:23:30.946 [main] INFO org.testcontainers.DockerClientFactory -- ✔︎ Docker server version should be at least 1.6.0
00:23:30.946 [main] INFO tc.mongo:7 -- Creating container for image: mongo:7
00:23:30.979 [main] INFO tc.mongo:7 -- Container mongo:7 is starting: 73564efa7b0bbf1b977f0753f9dc43beb83dc2e2ebbe89ecb7030f275c954519
00:23:31.488 [main] INFO tc.mongo:7 -- Container mongo:7 started in PT0.541312S
00:23:32.016 [main] INFO tc.postgres:15-alpine -- Creating container for image: postgres:15-alpine
00:23:32.051 [main] INFO tc.postgres:15-alpine -- Container postgres:15-alpine is starting: cdfa2ee1d9017ea740ef5e94bebacf62f5cdb05ce6bf69a2a99348e198088187
00:23:32.716 [main] INFO tc.postgres:15-alpine -- Container postgres:15-alpine started in PT0.699949S
00:23:32.717 [main] INFO tc.postgres:15-alpine -- Container is started (JDBC URL: jdbc:postgresql://localhost:63273/test?loggerLevel=OFF)

  .   ____          _            __ _ _
 /\\ / ___'_ __ _ _(_)_ __  __ _ \ \ \ \
( ( )\___ | '_ | '_| | '_ \/ _` | \ \ \ \
 \\/  ___)| |_)| | | | | || (_| |  ) ) ) )
  '  |____| .__|_| |_|_| |_\__, | / / / /
 =========|_|==============|___/=/_/_/_/
 :: Spring Boot ::                (v3.2.0)

2026-01-30T00:23:32.817-06:00  INFO 39259 --- [           main] c.e.s.IngestionServiceIntegrationTest    : Starting IngestionServiceIntegrationTest using Java 21.0.8 with PID 39259 (started by vinay in /Users/vinay/Documents/workspace/endpoint-security-demo/ingestion-service)
2026-01-30T00:23:32.817-06:00  INFO 39259 --- [           main] c.e.s.IngestionServiceIntegrationTest    : No active profile set, falling back to 1 default profile: "default"
2026-01-30T00:23:32.921-06:00  INFO 39259 --- [           main] .s.d.r.c.RepositoryConfigurationDelegate : Multiple Spring Data modules found, entering strict repository configuration mode
2026-01-30T00:23:32.922-06:00  INFO 39259 --- [           main] .s.d.r.c.RepositoryConfigurationDelegate : Bootstrapping Spring Data JPA repositories in DEFAULT mode.
2026-01-30T00:23:32.930-06:00  INFO 39259 --- [           main] .RepositoryConfigurationExtensionSupport : Spring Data JPA - Could not safely identify store assignment for repository candidate interface com.endpoint.security.ingestion.repository.AlertDocumentRepository; If you want this repository to be a JPA repository, consider annotating your entities with one of these annotations: jakarta.persistence.Entity, jakarta.persistence.MappedSuperclass (preferred), or consider extending one of the following types with your repository: org.springframework.data.jpa.repository.JpaRepository
2026-01-30T00:23:32.936-06:00  INFO 39259 --- [           main] .s.d.r.c.RepositoryConfigurationDelegate : Finished Spring Data repository scanning in 12 ms. Found 1 JPA repository interface.
2026-01-30T00:23:32.937-06:00  INFO 39259 --- [           main] .s.d.r.c.RepositoryConfigurationDelegate : Multiple Spring Data modules found, entering strict repository configuration mode
2026-01-30T00:23:32.937-06:00  INFO 39259 --- [           main] .s.d.r.c.RepositoryConfigurationDelegate : Bootstrapping Spring Data MongoDB repositories in DEFAULT mode.
2026-01-30T00:23:32.939-06:00  INFO 39259 --- [           main] .RepositoryConfigurationExtensionSupport : Spring Data MongoDB - Could not safely identify store assignment for repository candidate interface com.endpoint.security.ingestion.repository.SecurityEventRepository; If you want this repository to be a MongoDB repository, consider annotating your entities with one of these annotations: org.springframework.data.mongodb.core.mapping.Document (preferred), or consider extending one of the following types with your repository: org.springframework.data.mongodb.repository.MongoRepository
2026-01-30T00:23:32.940-06:00  INFO 39259 --- [           main] .s.d.r.c.RepositoryConfigurationDelegate : Finished Spring Data repository scanning in 2 ms. Found 1 MongoDB repository interface.
2026-01-30T00:23:33.089-06:00  INFO 39259 --- [           main] com.zaxxer.hikari.HikariDataSource       : HikariPool-1 - Starting...
2026-01-30T00:23:33.164-06:00  INFO 39259 --- [           main] com.zaxxer.hikari.pool.HikariPool        : HikariPool-1 - Added connection org.postgresql.jdbc.PgConnection@7de6549d
2026-01-30T00:23:33.165-06:00  INFO 39259 --- [           main] com.zaxxer.hikari.HikariDataSource       : HikariPool-1 - Start completed.
2026-01-30T00:23:33.192-06:00  INFO 39259 --- [           main] o.f.c.internal.license.VersionPrinter    : Flyway Community Edition 9.22.3 by Redgate
2026-01-30T00:23:33.192-06:00  INFO 39259 --- [           main] o.f.c.internal.license.VersionPrinter    : See release notes here: https://rd.gt/416ObMi
2026-01-30T00:23:33.192-06:00  INFO 39259 --- [           main] o.f.c.internal.license.VersionPrinter    : 
2026-01-30T00:23:33.197-06:00  INFO 39259 --- [           main] org.flywaydb.core.FlywayExecutor         : Database: jdbc:postgresql://localhost:63273/test (PostgreSQL 15.14)
2026-01-30T00:23:33.214-06:00  INFO 39259 --- [           main] o.f.c.i.s.JdbcTableSchemaHistory         : Schema history table "public"."flyway_schema_history" does not exist yet
2026-01-30T00:23:33.216-06:00  INFO 39259 --- [           main] o.f.core.internal.command.DbValidate     : Successfully validated 1 migration (execution time 00:00.006s)
2026-01-30T00:23:33.227-06:00  INFO 39259 --- [           main] o.f.c.i.s.JdbcTableSchemaHistory         : Creating Schema History table "public"."flyway_schema_history" ...
2026-01-30T00:23:33.250-06:00  INFO 39259 --- [           main] o.f.core.internal.command.DbMigrate      : Current version of schema "public": << Empty Schema >>
2026-01-30T00:23:33.254-06:00  INFO 39259 --- [           main] o.f.core.internal.command.DbMigrate      : Migrating schema "public" to version "1 - Create security events table"
2026-01-30T00:23:33.267-06:00  INFO 39259 --- [           main] o.f.core.internal.command.DbMigrate      : Successfully applied 1 migration to schema "public", now at version v1 (execution time 00:00.007s)
2026-01-30T00:23:33.297-06:00  INFO 39259 --- [           main] o.hibernate.jpa.internal.util.LogHelper  : HHH000204: Processing PersistenceUnitInfo [name: default]
2026-01-30T00:23:33.313-06:00  INFO 39259 --- [           main] org.hibernate.Version                    : HHH000412: Hibernate ORM core version 6.3.1.Final
2026-01-30T00:23:33.323-06:00  INFO 39259 --- [           main] o.h.c.internal.RegionFactoryInitiator    : HHH000026: Second-level cache disabled
2026-01-30T00:23:33.390-06:00  INFO 39259 --- [           main] o.s.o.j.p.SpringPersistenceUnitInfo      : No LoadTimeWeaver setup: ignoring JPA class transformer
2026-01-30T00:23:33.405-06:00  WARN 39259 --- [           main] org.hibernate.orm.deprecation            : HHH90000025: PostgreSQLDialect does not need to be specified explicitly using 'hibernate.dialect' (remove the property setting and it will be selected by default)
2026-01-30T00:23:33.649-06:00  INFO 39259 --- [           main] o.h.e.t.j.p.i.JtaPlatformInitiator       : HHH000489: No JTA platform available (set 'hibernate.transaction.jta.platform' to enable JTA platform integration)
2026-01-30T00:23:33.667-06:00  INFO 39259 --- [           main] j.LocalContainerEntityManagerFactoryBean : Initialized JPA EntityManagerFactory for persistence unit 'default'
2026-01-30T00:23:33.793-06:00  INFO 39259 --- [           main] org.mongodb.driver.client                : MongoClient with metadata {"driver": {"name": "mongo-java-driver|sync|spring-boot", "version": "4.11.1"}, "os": {"type": "Darwin", "name": "Mac OS X", "architecture": "aarch64", "version": "14.2"}, "platform": "Java/Eclipse Adoptium/21.0.8+9-LTS"} created with settings MongoClientSettings{readPreference=primary, writeConcern=WriteConcern{w=null, wTimeout=null ms, journal=null}, retryWrites=true, retryReads=true, readConcern=ReadConcern{level=null}, credential=null, transportSettings=null, streamFactoryFactory=null, commandListeners=[], codecRegistry=ProvidersCodecRegistry{codecProviders=[ValueCodecProvider{}, BsonValueCodecProvider{}, DBRefCodecProvider{}, DBObjectCodecProvider{}, DocumentCodecProvider{}, CollectionCodecProvider{}, IterableCodecProvider{}, MapCodecProvider{}, GeoJsonCodecProvider{}, GridFSFileCodecProvider{}, Jsr310CodecProvider{}, JsonObjectCodecProvider{}, BsonCodecProvider{}, EnumCodecProvider{}, com.mongodb.client.model.mql.ExpressionCodecProvider@6f0df74, com.mongodb.Jep395RecordCodecProvider@42bbd21c, com.mongodb.KotlinCodecProvider@57f1fbae]}, loggerSettings=LoggerSettings{maxDocumentLength=1000}, clusterSettings={hosts=[localhost:63272], srvServiceName=mongodb, mode=SINGLE, requiredClusterType=UNKNOWN, requiredReplicaSetName='null', serverSelector='null', clusterListeners='[]', serverSelectionTimeout='30000 ms', localThreshold='15 ms'}, socketSettings=SocketSettings{connectTimeoutMS=10000, readTimeoutMS=0, receiveBufferSize=0, proxySettings=ProxySettings{host=null, port=null, username=null, password=null}}, heartbeatSocketSettings=SocketSettings{connectTimeoutMS=10000, readTimeoutMS=10000, receiveBufferSize=0, proxySettings=ProxySettings{host=null, port=null, username=null, password=null}}, connectionPoolSettings=ConnectionPoolSettings{maxSize=100, minSize=0, maxWaitTimeMS=120000, maxConnectionLifeTimeMS=0, maxConnectionIdleTimeMS=0, maintenanceInitialDelayMS=0, maintenanceFrequencyMS=60000, connectionPoolListeners=[], maxConnecting=2}, serverSettings=ServerSettings{heartbeatFrequencyMS=10000, minHeartbeatFrequencyMS=500, serverListeners='[]', serverMonitorListeners='[]'}, sslSettings=SslSettings{enabled=false, invalidHostNameAllowed=false, context=null}, applicationName='null', compressorList=[], uuidRepresentation=JAVA_LEGACY, serverApi=null, autoEncryptionSettings=null, dnsClient=null, inetAddressResolver=null, contextProvider=null}
2026-01-30T00:23:33.803-06:00  INFO 39259 --- [localhost:63272] org.mongodb.driver.cluster               : Monitor thread successfully connected to server with description ServerDescription{address=localhost:63272, type=REPLICA_SET_PRIMARY, state=CONNECTED, ok=true, minWireVersion=0, maxWireVersion=21, maxDocumentSize=16777216, logicalSessionTimeoutMinutes=30, roundTripTimeNanos=8372583, setName='docker-rs', canonicalAddress=73564efa7b0b:27017, hosts=[73564efa7b0b:27017], passives=[], arbiters=[], primary='73564efa7b0b:27017', tagSet=TagSet{[]}, electionId=7fffffff0000000000000001, setVersion=1, topologyVersion=TopologyVersion{processId=697c4e6320087119a7648e56, counter=6}, lastWriteDate=Fri Jan 30 00:23:31 CST 2026, lastUpdateTimeNanos=1147318584842291}
2026-01-30T00:23:33.900-06:00  INFO 39259 --- [           main] c.e.s.IngestionServiceIntegrationTest    : Started IngestionServiceIntegrationTest in 1.161 seconds (process running for 3.85)
2026-01-30T00:23:33.900-06:00  INFO 39259 --- [           main] c.e.security.ingestion.IngestionRunner   : Ingestion started, input: ./output/normalized-events.ndjson, maxRecordsPerPoll: 0 (0=no limit), pollIntervalMs: 3000
2026-01-30T00:23:33.901-06:00  INFO 39259 --- [           main] c.e.s.IngestionServiceApplication        : Ingestion service ready; watching normalized-events.ndjson -> Postgres + MongoDB
]]></system-out>
    <system-err><![CDATA[WARNING: A Java agent has been loaded dynamically (/Users/vinay/.m2/repository/net/bytebuddy/byte-buddy-agent/1.14.10/byte-buddy-agent-1.14.10.jar)
WARNING: If a serviceability tool is in use, please run with -XX:+EnableDynamicAgentLoading to hide this warning
WARNING: If a serviceability tool is not in use, please run with -Djdk.instrument.traceUsage for more information
WARNING: Dynamic loading of agents will be disallowed by default in a future release
]]></system-err>
  </testcase>
  <testcase name="postgres_saveAndFindEvents" classname="com.endpoint.security.IngestionServiceIntegrationTest" time="0.056"/>
</testsuite>